This file contains any messages produced by compilers while
running configure, to aid debugging if configure makes a mistake.

It was created by libcsv configure 3.0.3, which was
generated by GNU Autoconf 2.69.  Invocation command line was

  $ ./configure --prefix=/home/rjbarbha/Proj4rep/proj4_new

## --------- ##
## Platform. ##
## --------- ##

hostname = pc2
uname -m = x86_64
uname -r = 4.15.0-50-generic
uname -s = Linux
uname -v = #54-Ubuntu SMP Mon May 6 18:46:08 UTC 2019

/usr/bin/uname -p = unknown
/bin/uname -X     = unknown

/bin/arch              = unknown
/usr/bin/arch -k       = unknown
/usr/convex/getsysinfo = unknown
/usr/bin/hostinfo      = unknown
/bin/machine           = unknown
/usr/bin/oslevel       = unknown
/bin/universe          = unknown

PATH: /usr/local/sbin
PATH: /usr/local/bin
PATH: /usr/sbin
PATH: /usr/bin
PATH: /sbin
PATH: /bin
PATH: /usr/games
PATH: /usr/local/games
PATH: ./
PATH: /usr/bin
PATH: /snap/bin
PATH: /pkg/bin
PATH: /usr/local/bin
PATH: /opt/altera9.1/quartus/bin
PATH: ./
PATH: /opt/puppetlabs/bin


## ----------- ##
## Core tests. ##
## ----------- ##

configure:2297: checking for a BSD-compatible install
configure:2365: result: /usr/bin/install -c
configure:2376: checking whether build environment is sane
configure:2426: result: yes
configure:2567: checking for a thread-safe mkdir -p
configure:2606: result: /bin/mkdir -p
configure:2619: checking for gawk
configure:2635: found /usr/bin/gawk
configure:2646: result: gawk
configure:2657: checking whether make sets $(MAKE)
configure:2679: result: yes
configure:2807: checking for gcc
configure:2823: found /usr/bin/gcc
configure:2834: result: gcc
configure:3063: checking for C compiler version
configure:3072: gcc --version >&5
gcc (Ubuntu 7.4.0-1ubuntu1~18.04) 7.4.0
Copyright (C) 2017 Free Software Foundation, Inc.
This is free software; see the source for copying conditions.  There is NO
warranty; not even for MERCHANTABILITY or FITNESS FOR A PARTICULAR PURPOSE.

configure:3083: $? = 0
configure:3072: gcc -v >&5
Using built-in specs.
COLLECT_GCC=gcc
COLLECT_LTO_WRAPPER=/usr/lib/gcc/x86_64-linux-gnu/7/lto-wrapper
OFFLOAD_TARGET_NAMES=nvptx-none
OFFLOAD_TARGET_DEFAULT=1
Target: x86_64-linux-gnu
Configured with: ../src/configure -v --with-pkgversion='Ubuntu 7.4.0-1ubuntu1~18.04' --with-bugurl=file:///usr/share/doc/gcc-7/README.Bugs --enable-languages=c,ada,c++,go,brig,d,fortran,objc,obj-c++ --prefix=/usr --with-gcc-major-version-only --program-suffix=-7 --program-prefix=x86_64-linux-gnu- --enable-shared --enable-linker-build-id --libexecdir=/usr/lib --without-included-gettext --enable-threads=posix --libdir=/usr/lib --enable-nls --with-sysroot=/ --enable-clocale=gnu --enable-libstdcxx-debug --enable-libstdcxx-time=yes --with-default-libstdcxx-abi=new --enable-gnu-unique-object --disable-vtable-verify --enable-libmpx --enable-plugin --enable-default-pie --with-system-zlib --with-target-system-zlib --enable-objc-gc=auto --enable-multiarch --disable-werror --with-arch-32=i686 --with-abi=m64 --with-multilib-list=m32,m64,mx32 --enable-multilib --with-tune=generic --enable-offload-targets=nvptx-none --without-cuda-driver --enable-checking=release --build=x86_64-linux-gnu --host=x86_64-linux-gnu --target=x86_64-linux-gnu
Thread model: posix
gcc version 7.4.0 (Ubuntu 7.4.0-1ubuntu1~18.04) 
configure:3083: $? = 0
configure:3072: gcc -V >&5
gcc: error: unrecognized command line option '-V'
gcc: fatal error: no input files
compilation terminated.
configure:3083: $? = 1
configure:3072: gcc -qversion >&5
gcc: error: unrecognized command line option '-qversion'; did you mean '--version'?
gcc: fatal error: no input files
compilation terminated.
configure:3083: $? = 1
configure:3103: checking whether the C compiler works
configure:3125: gcc    conftest.c  >&5
configure:3129: $? = 0
configure:3177: result: yes
configure:3180: checking for C compiler default output file name
configure:3182: result: a.out
configure:3188: checking for suffix of executables
configure:3195: gcc -o conftest    conftest.c  >&5
configure:3199: $? = 0
configure:3221: result: 
configure:3243: checking whether we are cross compiling
configure:3251: gcc -o conftest    conftest.c  >&5
configure:3255: $? = 0
configure:3262: ./conftest
configure:3266: $? = 0
configure:3281: result: no
configure:3286: checking for suffix of object files
configure:3308: gcc -c   conftest.c >&5
configure:3312: $? = 0
configure:3333: result: o
configure:3337: checking whether we are using the GNU C compiler
configure:3356: gcc -c   conftest.c >&5
configure:3356: $? = 0
configure:3365: result: yes
configure:3374: checking whether gcc accepts -g
configure:3394: gcc -c -g  conftest.c >&5
configure:3394: $? = 0
configure:3435: result: yes
configure:3452: checking for gcc option to accept ISO C89
configure:3515: gcc  -c -g -O2  conftest.c >&5
configure:3515: $? = 0
configure:3528: result: none needed
configure:3559: checking for style of include used by make
configure:3587: result: GNU
configure:3612: checking dependency style of gcc
configure:3722: result: gcc3
configure:3767: checking build system type
configure:3781: result: x86_64-unknown-linux-gnu
configure:3801: checking host system type
configure:3814: result: x86_64-unknown-linux-gnu
configure:3834: checking for a sed that does not truncate output
configure:3898: result: /bin/sed
configure:3916: checking for grep that handles long lines and -e
configure:3974: result: /bin/grep
configure:3979: checking for egrep
configure:4041: result: /bin/grep -E
configure:4046: checking for fgrep
configure:4108: result: /bin/grep -F
configure:4143: checking for ld used by gcc
configure:4210: result: /usr/bin/ld
configure:4217: checking if the linker (/usr/bin/ld) is GNU ld
configure:4232: result: yes
configure:4244: checking for BSD- or MS-compatible name lister (nm)
configure:4293: result: /usr/bin/nm -B
configure:4411: checking the name lister (/usr/bin/nm -B) interface
configure:4418: gcc -c -g -O2  conftest.c >&5
configure:4421: /usr/bin/nm -B "conftest.o"
configure:4424: output
0000000000000000 B some_variable
configure:4431: result: BSD nm
configure:4434: checking whether ln -s works
configure:4438: result: yes
configure:4446: checking the maximum length of command line arguments
configure:4566: result: 1572864
configure:4583: checking whether the shell understands some XSI constructs
configure:4593: result: yes
configure:4597: checking whether the shell understands "+="
configure:4603: result: yes
configure:4638: checking for /usr/bin/ld option to reload object files
configure:4645: result: -r
configure:4714: checking for objdump
configure:4730: found /usr/bin/objdump
configure:4741: result: objdump
configure:4773: checking how to recognize dependent libraries
configure:4969: result: pass_all
configure:5029: checking for ar
configure:5045: found /usr/bin/ar
configure:5056: result: ar
configure:5134: checking for strip
configure:5150: found /usr/bin/strip
configure:5161: result: strip
configure:5233: checking for ranlib
configure:5249: found /usr/bin/ranlib
configure:5260: result: ranlib
configure:5350: checking command to parse /usr/bin/nm -B output from gcc object
configure:5468: gcc -c -g -O2  conftest.c >&5
configure:5471: $? = 0
configure:5475: /usr/bin/nm -B conftest.o \| sed -n -e 's/^.*[	 ]\([ABCDGIRSTW][ABCDGIRSTW]*\)[	 ][	 ]*\([_A-Za-z][_A-Za-z0-9]*\)$/\1 \2 \2/p' \> conftest.nm
configure:5478: $? = 0
configure:5532: gcc -o conftest -g -O2   conftest.c conftstm.o >&5
configure:5535: $? = 0
configure:5573: result: ok
configure:5669: gcc -c -g -O2  conftest.c >&5
configure:5672: $? = 0
configure:6382: checking how to run the C preprocessor
configure:6413: gcc -E  conftest.c
configure:6413: $? = 0
configure:6427: gcc -E  conftest.c
conftest.c:11:10: fatal error: ac_nonexistent.h: No such file or directory
 #include <ac_nonexistent.h>
          ^~~~~~~~~~~~~~~~~~
compilation terminated.
configure:6427: $? = 1
configure: failed program was:
| /* confdefs.h */
| #define PACKAGE_NAME "libcsv"
| #define PACKAGE_TARNAME "libcsv"
| #define PACKAGE_VERSION "3.0.3"
| #define PACKAGE_STRING "libcsv 3.0.3"
| #define PACKAGE_BUGREPORT "rgamble@users.sourceforge.net"
| #define PACKAGE_URL "http://sourceforge.net/projects/libcsv/"
| #define PACKAGE "libcsv"
| #define VERSION "3.0.3"
| /* end confdefs.h.  */
| #include <ac_nonexistent.h>
configure:6452: result: gcc -E
configure:6472: gcc -E  conftest.c
configure:6472: $? = 0
configure:6486: gcc -E  conftest.c
conftest.c:11:10: fatal error: ac_nonexistent.h: No such file or directory
 #include <ac_nonexistent.h>
          ^~~~~~~~~~~~~~~~~~
compilation terminated.
configure:6486: $? = 1
configure: failed program was:
| /* confdefs.h */
| #define PACKAGE_NAME "libcsv"
| #define PACKAGE_TARNAME "libcsv"
| #define PACKAGE_VERSION "3.0.3"
| #define PACKAGE_STRING "libcsv 3.0.3"
| #define PACKAGE_BUGREPORT "rgamble@users.sourceforge.net"
| #define PACKAGE_URL "http://sourceforge.net/projects/libcsv/"
| #define PACKAGE "libcsv"
| #define VERSION "3.0.3"
| /* end confdefs.h.  */
| #include <ac_nonexistent.h>
configure:6515: checking for ANSI C header files
configure:6535: gcc -c -g -O2  conftest.c >&5
configure:6535: $? = 0
configure:6608: gcc -o conftest -g -O2   conftest.c  >&5
configure:6608: $? = 0
configure:6608: ./conftest
configure:6608: $? = 0
configure:6619: result: yes
configure:6632: checking for sys/types.h
configure:6632: gcc -c -g -O2  conftest.c >&5
configure:6632: $? = 0
configure:6632: result: yes
configure:6632: checking for sys/stat.h
configure:6632: gcc -c -g -O2  conftest.c >&5
configure:6632: $? = 0
configure:6632: result: yes
configure:6632: checking for stdlib.h
configure:6632: gcc -c -g -O2  conftest.c >&5
configure:6632: $? = 0
configure:6632: result: yes
configure:6632: checking for string.h
configure:6632: gcc -c -g -O2  conftest.c >&5
configure:6632: $? = 0
configure:6632: result: yes
configure:6632: checking for memory.h
configure:6632: gcc -c -g -O2  conftest.c >&5
configure:6632: $? = 0
configure:6632: result: yes
configure:6632: checking for strings.h
configure:6632: gcc -c -g -O2  conftest.c >&5
configure:6632: $? = 0
configure:6632: result: yes
configure:6632: checking for inttypes.h
configure:6632: gcc -c -g -O2  conftest.c >&5
configure:6632: $? = 0
configure:6632: result: yes
configure:6632: checking for stdint.h
configure:6632: gcc -c -g -O2  conftest.c >&5
configure:6632: $? = 0
configure:6632: result: yes
configure:6632: checking for unistd.h
configure:6632: gcc -c -g -O2  conftest.c >&5
configure:6632: $? = 0
configure:6632: result: yes
configure:6646: checking for dlfcn.h
configure:6646: gcc -c -g -O2  conftest.c >&5
configure:6646: $? = 0
configure:6646: result: yes
configure:6830: checking for objdir
configure:6845: result: .libs
configure:7141: checking if gcc supports -fno-rtti -fno-exceptions
configure:7159: gcc -c -g -O2  -fno-rtti -fno-exceptions conftest.c >&5
cc1: warning: command line option '-fno-rtti' is valid for C++/ObjC++ but not for C
configure:7163: $? = 0
configure:7176: result: no
configure:7196: checking for gcc option to produce PIC
configure:7468: result: -fPIC -DPIC
configure:7480: checking if gcc PIC flag -fPIC -DPIC works
configure:7498: gcc -c -g -O2  -fPIC -DPIC -DPIC conftest.c >&5
configure:7502: $? = 0
configure:7515: result: yes
configure:7539: checking if gcc static flag -static works
configure:7567: result: yes
configure:7582: checking if gcc supports -c -o file.o
configure:7603: gcc -c -g -O2  -o out/conftest2.o conftest.c >&5
configure:7607: $? = 0
configure:7629: result: yes
configure:7637: checking if gcc supports -c -o file.o
configure:7684: result: yes
configure:7717: checking whether the gcc linker (/usr/bin/ld -m elf_x86_64) supports shared libraries
configure:8708: result: yes
configure:8745: checking whether -lc should be explicitly linked in
configure:8750: gcc -c -g -O2  conftest.c >&5
configure:8753: $? = 0
configure:8768: gcc -shared conftest.o  -v -Wl,-soname -Wl,conftest -o conftest 2\>\&1 \| /bin/grep  -lc  \>/dev/null 2\>\&1
configure:8771: $? = 0
configure:8783: result: no
configure:8947: checking dynamic linker characteristics
configure:9380: gcc -o conftest -g -O2   -Wl,-rpath -Wl,/foo conftest.c  >&5
configure:9380: $? = 0
configure:9610: result: GNU/Linux ld.so
configure:9712: checking how to hardcode library paths into programs
configure:9737: result: immediate
configure:10257: checking whether stripping libraries is possible
configure:10262: result: yes
configure:10297: checking if libtool supports shared libraries
configure:10299: result: yes
configure:10302: checking whether to build shared libraries
configure:10323: result: yes
configure:10326: checking whether to build static libraries
configure:10330: result: yes
configure:10536: creating ./config.status

## ---------------------- ##
## Running config.status. ##
## ---------------------- ##

This file was extended by libcsv config.status 3.0.3, which was
generated by GNU Autoconf 2.69.  Invocation command line was

  CONFIG_FILES    = 
  CONFIG_HEADERS  = 
  CONFIG_LINKS    = 
  CONFIG_COMMANDS = 
  $ ./config.status 

on pc2

config.status:984: creating Makefile
config.status:1156: executing depfiles commands
config.status:1156: executing libtool commands

## ---------------- ##
## Cache variables. ##
## ---------------- ##

ac_cv_build=x86_64-unknown-linux-gnu
ac_cv_c_compiler_gnu=yes
ac_cv_env_CC_set=
ac_cv_env_CC_value=
ac_cv_env_CFLAGS_set=
ac_cv_env_CFLAGS_value=
ac_cv_env_CPPFLAGS_set=
ac_cv_env_CPPFLAGS_value=
ac_cv_env_CPP_set=
ac_cv_env_CPP_value=
ac_cv_env_LDFLAGS_set=
ac_cv_env_LDFLAGS_value=
ac_cv_env_LIBS_set=
ac_cv_env_LIBS_value=
ac_cv_env_build_alias_set=
ac_cv_env_build_alias_value=
ac_cv_env_host_alias_set=
ac_cv_env_host_alias_value=
ac_cv_env_target_alias_set=
ac_cv_env_target_alias_value=
ac_cv_header_dlfcn_h=yes
ac_cv_header_inttypes_h=yes
ac_cv_header_memory_h=yes
ac_cv_header_stdc=yes
ac_cv_header_stdint_h=yes
ac_cv_header_stdlib_h=yes
ac_cv_header_string_h=yes
ac_cv_header_strings_h=yes
ac_cv_header_sys_stat_h=yes
ac_cv_header_sys_types_h=yes
ac_cv_header_unistd_h=yes
ac_cv_host=x86_64-unknown-linux-gnu
ac_cv_objext=o
ac_cv_path_EGREP='/bin/grep -E'
ac_cv_path_FGREP='/bin/grep -F'
ac_cv_path_GREP=/bin/grep
ac_cv_path_SED=/bin/sed
ac_cv_path_install='/usr/bin/install -c'
ac_cv_path_mkdir=/bin/mkdir
ac_cv_prog_AWK=gawk
ac_cv_prog_CPP='gcc -E'
ac_cv_prog_ac_ct_AR=ar
ac_cv_prog_ac_ct_CC=gcc
ac_cv_prog_ac_ct_OBJDUMP=objdump
ac_cv_prog_ac_ct_RANLIB=ranlib
ac_cv_prog_ac_ct_STRIP=strip
ac_cv_prog_cc_c89=
ac_cv_prog_cc_g=yes
ac_cv_prog_make_make_set=yes
am_cv_CC_dependencies_compiler_type=gcc3
lt_cv_deplibs_check_method=pass_all
lt_cv_file_magic_cmd='$MAGIC_CMD'
lt_cv_file_magic_test_file=
lt_cv_ld_reload_flag=-r
lt_cv_nm_interface='BSD nm'
lt_cv_objdir=.libs
lt_cv_path_LD=/usr/bin/ld
lt_cv_path_NM='/usr/bin/nm -B'
lt_cv_prog_compiler_c_o=yes
lt_cv_prog_compiler_pic_works=yes
lt_cv_prog_compiler_rtti_exceptions=no
lt_cv_prog_compiler_static_works=yes
lt_cv_prog_gnu_ld=yes
lt_cv_sys_global_symbol_pipe='sed -n -e '\''s/^.*[	 ]\([ABCDGIRSTW][ABCDGIRSTW]*\)[	 ][	 ]*\([_A-Za-z][_A-Za-z0-9]*\)$/\1 \2 \2/p'\'''
lt_cv_sys_global_symbol_to_c_name_address='sed -n -e '\''s/^: \([^ ]*\) $/  {\"\1\", (void *) 0},/p'\'' -e '\''s/^[ABCDGIRSTW]* \([^ ]*\) \([^ ]*\)$/  {"\2", (void *) \&\2},/p'\'''
lt_cv_sys_global_symbol_to_c_name_address_lib_prefix='sed -n -e '\''s/^: \([^ ]*\) $/  {\"\1\", (void *) 0},/p'\'' -e '\''s/^[ABCDGIRSTW]* \([^ ]*\) \(lib[^ ]*\)$/  {"\2", (void *) \&\2},/p'\'' -e '\''s/^[ABCDGIRSTW]* \([^ ]*\) \([^ ]*\)$/  {"lib\2", (void *) \&\2},/p'\'''
lt_cv_sys_global_symbol_to_cdecl='sed -n -e '\''s/^T .* \(.*\)$/extern int \1();/p'\'' -e '\''s/^[ABCDGIRSTW]* .* \(.*\)$/extern char \1;/p'\'''
lt_cv_sys_max_cmd_len=1572864

## ----------------- ##
## Output variables. ##
## ----------------- ##

ACLOCAL='${SHELL} /home/rjbarbha/Proj4rep/proj4_new/libcsv-3.0.3/missing --run aclocal-1.11'
AMDEPBACKSLASH='\'
AMDEP_FALSE='#'
AMDEP_TRUE=''
AMTAR='${SHELL} /home/rjbarbha/Proj4rep/proj4_new/libcsv-3.0.3/missing --run tar'
AR='ar'
AUTOCONF='${SHELL} /home/rjbarbha/Proj4rep/proj4_new/libcsv-3.0.3/missing --run autoconf'
AUTOHEADER='${SHELL} /home/rjbarbha/Proj4rep/proj4_new/libcsv-3.0.3/missing --run autoheader'
AUTOMAKE='${SHELL} /home/rjbarbha/Proj4rep/proj4_new/libcsv-3.0.3/missing --run automake-1.11'
AWK='gawk'
CC='gcc'
CCDEPMODE='depmode=gcc3'
CFLAGS='-g -O2'
CPP='gcc -E'
CPPFLAGS=''
CYGPATH_W='echo'
DEFS='-DPACKAGE_NAME=\"libcsv\" -DPACKAGE_TARNAME=\"libcsv\" -DPACKAGE_VERSION=\"3.0.3\" -DPACKAGE_STRING=\"libcsv\ 3.0.3\" -DPACKAGE_BUGREPORT=\"rgamble@users.sourceforge.net\" -DPACKAGE_URL=\"http://sourceforge.net/projects/libcsv/\" -DPACKAGE=\"libcsv\" -DVERSION=\"3.0.3\" -DSTDC_HEADERS=1 -DHAVE_SYS_TYPES_H=1 -DHAVE_SYS_STAT_H=1 -DHAVE_STDLIB_H=1 -DHAVE_STRING_H=1 -DHAVE_MEMORY_H=1 -DHAVE_STRINGS_H=1 -DHAVE_INTTYPES_H=1 -DHAVE_STDINT_H=1 -DHAVE_UNISTD_H=1 -DHAVE_DLFCN_H=1 -DLT_OBJDIR=\".libs/\"'
DEPDIR='.deps'
DSYMUTIL=''
DUMPBIN=''
ECHO_C=''
ECHO_N='-n'
ECHO_T=''
EGREP='/bin/grep -E'
EXEEXT=''
FGREP='/bin/grep -F'
GREP='/bin/grep'
INSTALL_DATA='${INSTALL} -m 644'
INSTALL_PROGRAM='${INSTALL}'
INSTALL_SCRIPT='${INSTALL}'
INSTALL_STRIP_PROGRAM='$(install_sh) -c -s'
LD='/usr/bin/ld -m elf_x86_64'
LDFLAGS=''
LIBOBJS=''
LIBS=''
LIBTOOL='$(SHELL) $(top_builddir)/libtool'
LIPO=''
LN_S='ln -s'
LTLIBOBJS=''
MAKEINFO='${SHELL} /home/rjbarbha/Proj4rep/proj4_new/libcsv-3.0.3/missing --run makeinfo'
MKDIR_P='/bin/mkdir -p'
NM='/usr/bin/nm -B'
NMEDIT=''
OBJDUMP='objdump'
OBJEXT='o'
OTOOL64=''
OTOOL=''
PACKAGE='libcsv'
PACKAGE_BUGREPORT='rgamble@users.sourceforge.net'
PACKAGE_NAME='libcsv'
PACKAGE_STRING='libcsv 3.0.3'
PACKAGE_TARNAME='libcsv'
PACKAGE_URL='http://sourceforge.net/projects/libcsv/'
PACKAGE_VERSION='3.0.3'
PATH_SEPARATOR=':'
RANLIB='ranlib'
SED='/bin/sed'
SET_MAKE=''
SHELL='/bin/bash'
STRIP='strip'
VERSION='3.0.3'
ac_ct_CC='gcc'
ac_ct_DUMPBIN=''
am__EXEEXT_FALSE=''
am__EXEEXT_TRUE='#'
am__fastdepCC_FALSE='#'
am__fastdepCC_TRUE=''
am__include='include'
am__isrc=''
am__leading_dot='.'
am__quote=''
am__tar='${AMTAR} chof - "$$tardir"'
am__untar='${AMTAR} xf -'
bindir='${exec_prefix}/bin'
build='x86_64-unknown-linux-gnu'
build_alias=''
build_cpu='x86_64'
build_os='linux-gnu'
build_vendor='unknown'
datadir='${datarootdir}'
datarootdir='${prefix}/share'
docdir='${datarootdir}/doc/${PACKAGE_TARNAME}'
dvidir='${docdir}'
exec_prefix='${prefix}'
host='x86_64-unknown-linux-gnu'
host_alias=''
host_cpu='x86_64'
host_os='linux-gnu'
host_vendor='unknown'
htmldir='${docdir}'
includedir='${prefix}/include'
infodir='${datarootdir}/info'
install_sh='${SHELL} /home/rjbarbha/Proj4rep/proj4_new/libcsv-3.0.3/install-sh'
libdir='${exec_prefix}/lib'
libexecdir='${exec_prefix}/libexec'
localedir='${datarootdir}/locale'
localstatedir='${prefix}/var'
lt_ECHO='echo'
mandir='${datarootdir}/man'
mkdir_p='/bin/mkdir -p'
oldincludedir='/usr/include'
pdfdir='${docdir}'
prefix='/home/rjbarbha/Proj4rep/proj4_new'
program_transform_name='s,x,x,'
psdir='${docdir}'
runstatedir='${localstatedir}/run'
sbindir='${exec_prefix}/sbin'
sharedstatedir='${prefix}/com'
sysconfdir='${prefix}/etc'
target_alias=''

## ----------- ##
## confdefs.h. ##
## ----------- ##

/* confdefs.h */
#define PACKAGE_NAME "libcsv"
#define PACKAGE_TARNAME "libcsv"
#define PACKAGE_VERSION "3.0.3"
#define PACKAGE_STRING "libcsv 3.0.3"
#define PACKAGE_BUGREPORT "rgamble@users.sourceforge.net"
#define PACKAGE_URL "http://sourceforge.net/projects/libcsv/"
#define PACKAGE "libcsv"
#define VERSION "3.0.3"
#define STDC_HEADERS 1
#define HAVE_SYS_TYPES_H 1
#define HAVE_SYS_STAT_H 1
#define HAVE_STDLIB_H 1
#define HAVE_STRING_H 1
#define HAVE_MEMORY_H 1
#define HAVE_STRINGS_H 1
#define HAVE_INTTYPES_H 1
#define HAVE_STDINT_H 1
#define HAVE_UNISTD_H 1
#define HAVE_DLFCN_H 1
#define LT_OBJDIR ".libs/"

configure: exit 0
